#
# There is insufficient memory for the Java Runtime Environment to continue.
# Native memory allocation (mmap) failed to map 257949696 bytes. Error detail: G1 virtual space
# Possible reasons:
#   The system is out of physical RAM or swap space
#   This process is running with CompressedOops enabled, and the Java Heap may be blocking the growth of the native heap
# Possible solutions:
#   Reduce memory load on the system
#   Increase physical memory or swap space
#   Check if swap backing store is full
#   Decrease Java heap size (-Xmx/-Xms)
#   Decrease number of Java threads
#   Decrease Java thread stack sizes (-Xss)
#   Set larger code cache with -XX:ReservedCodeCacheSize=
#   JVM is running with Zero Based Compressed Oops mode in which the Java heap is
#     placed in the first 32GB address space. The Java Heap base address is the
#     maximum limit for the native heap growth. Please use -XX:HeapBaseMinAddress
#     to set the Java Heap base and to place the Java Heap above 32GB virtual address.
# This output file may be truncated or incomplete.
#
#  Out of Memory Error (os_windows.cpp:3703), pid=38084, tid=39780
#
# JRE version:  (23.0.1+11) (build )
# Java VM: Java HotSpot(TM) 64-Bit Server VM (23.0.1+11-39, mixed mode, sharing, tiered, compressed oops, compressed class ptrs, g1 gc, windows-amd64)
# No core dump will be written. Minidumps are not enabled by default on client versions of Windows
#

---------------  S U M M A R Y ------------

Command Line: -Dfile.encoding=UTF-8 -Dstdout.encoding=UTF-8 -Dstderr.encoding=UTF-8 --module-path=C:\Users\USER\BankMS\bin -XX:+ShowCodeDetailsInExceptionMessages -Djdk.module.main=BankMS BankMS/bank.management.system.Withdrawl

Host: AMD Ryzen 7 5700G with Radeon Graphics         , 16 cores, 15G,  Windows 11 , 64 bit Build 22621 (10.0.22621.4830)
Time: Fri Feb 14 21:42:47 2025 Bangladesh Standard Time elapsed time: 0.007945 seconds (0d 0h 0m 0s)

---------------  T H R E A D  ---------------

Current thread (0x000001ef5b6c0980):  JavaThread "Unknown thread" [_thread_in_vm, id=39780, stack(0x0000001c50900000,0x0000001c50a00000) (1024K)]

Stack: [0x0000001c50900000,0x0000001c50a00000]
Native frames: (J=compiled Java code, j=interpreted, Vv=VM code, C=native code)
V  [jvm.dll+0x6e08b9]  (no source info available)
V  [jvm.dll+0x87dc83]  (no source info available)
V  [jvm.dll+0x88010e]  (no source info available)
V  [jvm.dll+0x8807e3]  (no source info available)
V  [jvm.dll+0x27aee6]  (no source info available)
V  [jvm.dll+0x6dd1c5]  (no source info available)
V  [jvm.dll+0x6d104a]  (no source info available)
V  [jvm.dll+0x35b3ea]  (no source info available)
V  [jvm.dll+0x3637f6]  (no source info available)
V  [jvm.dll+0x34fd5e]  (no source info available)
V  [jvm.dll+0x34fff8]  (no source info available)
V  [jvm.dll+0x3289cc]  (no source info available)
V  [jvm.dll+0x32966e]  (no source info available)
V  [jvm.dll+0x844355]  (no source info available)
V  [jvm.dll+0x3b9848]  (no source info available)
V  [jvm.dll+0x82d14c]  (no source info available)
V  [jvm.dll+0x454d4e]  (no source info available)
V  [jvm.dll+0x456bd1]  (no source info available)
C  [jli.dll+0x52a3]  (no source info available)
C  [ucrtbase.dll+0x29333]  (no source info available)
C  [KERNEL32.DLL+0x1259d]  (no source info available)
C  [ntdll.dll+0x5af38]  (no source info available)

Lock stack of current Java thread (top to bottom):


---------------  P R O C E S S  ---------------

Threads class SMR info:
_java_thread_list=0x00007ffe68dc3618, length=0, elements={
}

Java Threads: ( => current thread )
Total: 0

Other Threads:
  0x000001ef5da809f0 WorkerThread "GC Thread#0"                     [id=40212, stack(0x0000001c50a00000,0x0000001c50b00000) (1024K)]
  0x000001ef5da95620 ConcurrentGCThread "G1 Main Marker"            [id=38092, stack(0x0000001c50b00000,0x0000001c50c00000) (1024K)]
  0x000001ef5da96040 WorkerThread "G1 Conc#0"                       [id=33088, stack(0x0000001c50c00000,0x0000001c50d00000) (1024K)]

[error occurred during error reporting (printing all threads), id 0xc0000005, EXCEPTION_ACCESS_VIOLATION (0xc0000005) at pc=0x00007ffe6850bfba]
VM state: not at safepoint (not fully initialized)

VM Mutex/Monitor currently owned by a thread:  ([mutex/lock_event])
[0x00007ffe68e43a10] Heap_lock - owner thread: 0x000001ef5b6c0980

Heap address: 0x000000070a000000, size: 3936 MB, Compressed Oops mode: Zero based, Oop shift amount: 3

CDS archive(s) mapped at: [0x0000000000000000-0x0000000000000000-0x0000000000000000), size 0, SharedBaseAddress: 0x0000000800000000, ArchiveRelocationMode: 1.
Narrow klass base: 0x0000000000000000, Narrow klass shift: 0, Narrow klass range: 0x0

GC Precious Log:
 CardTable entry size: 512
 Card Set container configuration: InlinePtr #cards 4 size 8 Array Of Cards #cards 16 size 48 Howl #buckets 8 coarsen threshold 3686 Howl Bitmap #cards 512 size 80 coarsen threshold 460 Card regions per heap region 1 cards per card region 4096

Heap:
 garbage-first heap   total reserved 4030464K, committed 0K, used 0K [0x000000070a000000, 0x0000000800000000)
  region size 2048K, 0 young (0K), 0 survivors (0K)

[error occurred during error reporting (printing heap information), id 0xc0000005, EXCEPTION_ACCESS_VIOLATION (0xc0000005) at pc=0x00007ffe6890c3c9]
GC Heap History (0 events):
No events

Dll operation events (1 events):
Event: 0.006 Loaded shared library C:\Program Files\Java\jdk-23\bin\java.dll

Deoptimization events (0 events):
No events

Classes loaded (0 events):
No events

Classes unloaded (0 events):
No events

Classes redefined (0 events):
No events

Internal exceptions (0 events):
No events

VM Operations (0 events):
No events

Memory protections (0 events):
No events

Nmethod flushes (0 events):
No events

Events (0 events):
No events


Dynamic libraries:
0x00007ff73a3d0000 - 0x00007ff73a3e0000 	C:\Program Files\Java\jdk-23\bin\javaw.exe
0x00007ffef3dd0000 - 0x00007ffef3fe7000 	C:\Windows\SYSTEM32\ntdll.dll
0x00007ffef20d0000 - 0x00007ffef2194000 	C:\Windows\System32\KERNEL32.DLL
0x00007ffef1670000 - 0x00007ffef1a40000 	C:\Windows\System32\KERNELBASE.dll
0x00007ffef1550000 - 0x00007ffef1661000 	C:\Windows\System32\ucrtbase.dll
0x00007ffeea690000 - 0x00007ffeea6ab000 	C:\Program Files\Java\jdk-23\bin\VCRUNTIME140.dll
0x00007ffee0d90000 - 0x00007ffee0da7000 	C:\Program Files\Java\jdk-23\bin\jli.dll
0x00007ffef3020000 - 0x00007ffef31ce000 	C:\Windows\System32\USER32.dll
0x00007ffee2850000 - 0x00007ffee2ae2000 	C:\Windows\WinSxS\amd64_microsoft.windows.common-controls_6595b64144ccf1df_6.0.22621.4830_none_270fe7d773858e80\COMCTL32.dll
0x00007ffef1260000 - 0x00007ffef1286000 	C:\Windows\System32\win32u.dll
0x00007ffef3700000 - 0x00007ffef37a7000 	C:\Windows\System32\msvcrt.dll
0x00007ffef3970000 - 0x00007ffef3999000 	C:\Windows\System32\GDI32.dll
0x00007ffef1080000 - 0x00007ffef119b000 	C:\Windows\System32\gdi32full.dll
0x00007ffef14b0000 - 0x00007ffef154a000 	C:\Windows\System32\msvcp_win.dll
0x00007ffef1ac0000 - 0x00007ffef1af1000 	C:\Windows\System32\IMM32.DLL
0x00007ffeea610000 - 0x00007ffeea61c000 	C:\Program Files\Java\jdk-23\bin\vcruntime140_1.dll
0x00007ffed62e0000 - 0x00007ffed636e000 	C:\Program Files\Java\jdk-23\bin\msvcp140.dll
0x00007ffe681d0000 - 0x00007ffe68f1f000 	C:\Program Files\Java\jdk-23\bin\server\jvm.dll
0x00007ffef39a0000 - 0x00007ffef3a51000 	C:\Windows\System32\ADVAPI32.dll
0x00007ffef2520000 - 0x00007ffef25c7000 	C:\Windows\System32\sechost.dll
0x00007ffef1400000 - 0x00007ffef1428000 	C:\Windows\System32\bcrypt.dll
0x00007ffef3ae0000 - 0x00007ffef3bf4000 	C:\Windows\System32\RPCRT4.dll
0x00007ffef37b0000 - 0x00007ffef3821000 	C:\Windows\System32\WS2_32.dll
0x00007ffef0ea0000 - 0x00007ffef0eed000 	C:\Windows\SYSTEM32\POWRPROF.dll
0x00007ffedeb10000 - 0x00007ffedeb44000 	C:\Windows\SYSTEM32\WINMM.dll
0x00007ffee7fe0000 - 0x00007ffee7fea000 	C:\Windows\SYSTEM32\VERSION.dll
0x00007ffef0d80000 - 0x00007ffef0d93000 	C:\Windows\SYSTEM32\UMPDC.dll
0x00007ffef00c0000 - 0x00007ffef00d8000 	C:\Windows\SYSTEM32\kernel.appcore.dll
0x00007ffee4930000 - 0x00007ffee493a000 	C:\Program Files\Java\jdk-23\bin\jimage.dll
0x00007ffee96c0000 - 0x00007ffee98f2000 	C:\Windows\SYSTEM32\DBGHELP.DLL
0x00007ffef1b10000 - 0x00007ffef1ea0000 	C:\Windows\System32\combase.dll
0x00007ffef3890000 - 0x00007ffef3967000 	C:\Windows\System32\OLEAUT32.dll
0x00007ffee8c50000 - 0x00007ffee8c82000 	C:\Windows\SYSTEM32\dbgcore.DLL
0x00007ffef1430000 - 0x00007ffef14ab000 	C:\Windows\System32\bcryptPrimitives.dll
0x00007ffee0a90000 - 0x00007ffee0aae000 	C:\Program Files\Java\jdk-23\bin\java.dll
0x00007ffef22e0000 - 0x00007ffef2481000 	C:\Windows\System32\ole32.dll
0x00007ffef2730000 - 0x00007ffef2fa8000 	C:\Windows\System32\SHELL32.dll

dbghelp: loaded successfully - version: 4.0.5 - missing functions: none
symbol engine: initialized successfully - sym options: 0x614 - pdb path: .;C:\Program Files\Java\jdk-23\bin;C:\Windows\SYSTEM32;C:\Windows\WinSxS\amd64_microsoft.windows.common-controls_6595b64144ccf1df_6.0.22621.4830_none_270fe7d773858e80;C:\Program Files\Java\jdk-23\bin\server

VM Arguments:
jvm_args: -Dfile.encoding=UTF-8 -Dstdout.encoding=UTF-8 -Dstderr.encoding=UTF-8 --module-path=C:\Users\USER\BankMS\bin -XX:+ShowCodeDetailsInExceptionMessages -Djdk.module.main=BankMS 
java_command: BankMS/bank.management.system.Withdrawl
java_class_path (initial): E:\Java\mysql-connector-java-8.0.28.jar
Launcher Type: SUN_STANDARD

[Global flags]
     intx CICompilerCount                          = 12                                        {product} {ergonomic}
     uint ConcGCThreads                            = 3                                         {product} {ergonomic}
     uint G1ConcRefinementThreads                  = 13                                        {product} {ergonomic}
   size_t G1HeapRegionSize                         = 2097152                                   {product} {ergonomic}
   size_t InitialHeapSize                          = 257949696                                 {product} {ergonomic}
   size_t MarkStackSize                            = 4194304                                   {product} {ergonomic}
   size_t MarkStackSizeMax                         = 536870912                                 {product} {ergonomic}
   size_t MaxHeapSize                              = 4127195136                                {product} {ergonomic}
   size_t MinHeapDeltaBytes                        = 2097152                                   {product} {ergonomic}
   size_t MinHeapSize                              = 8388608                                   {product} {ergonomic}
    uintx NonNMethodCodeHeapSize                   = 7602176                                {pd product} {ergonomic}
    uintx NonProfiledCodeHeapSize                  = 122093568                              {pd product} {ergonomic}
    uintx ProfiledCodeHeapSize                     = 121962496                              {pd product} {ergonomic}
    uintx ReservedCodeCacheSize                    = 251658240                              {pd product} {ergonomic}
     bool SegmentedCodeCache                       = true                                      {product} {ergonomic}
     bool ShowCodeDetailsInExceptionMessages       = true                                   {manageable} {command line}
   size_t SoftMaxHeapSize                          = 4127195136                             {manageable} {ergonomic}
     bool UseCompressedOops                        = true                           {product lp64_product} {ergonomic}
     bool UseG1GC                                  = true                                      {product} {ergonomic}
     bool UseLargePagesIndividualAllocation        = false                                  {pd product} {ergonomic}

Logging:
Log output configuration:
 #0: stdout all=warning uptime,level,tags foldmultilines=false
 #1: stderr all=off uptime,level,tags foldmultilines=false

Environment Variables:
PATH=C:\Program Files\Common Files\Oracle\Java\javapath;C:\Program Files (x86)\Common Files\Intel\Shared Libraries\redist\intel64\compiler;C:\Windows\system32;C:\Windows;C:\Windows\System32\Wbem;C:\Windows\System32\WindowsPowerShell\v1.0\;C:\Windows\System32\OpenSSH\;E:\C++ Codes\coder vai\bin;C:\Program Files (x86)\Codebox\BitMeterOS;C:\Program Files\Git\cmd;C:\Program Files\nodejs\;C:\Program Files\dotnet\;C:\Program Files\Java\jdk-23\bin;C:\Program Files\MySQL\MySQL Shell 8.0\bin\;C:\Users\USER\AppData\Local\Microsoft\WindowsApps;E:\C++ Codes\COMPILER\bin;C:\Users\USER\AppData\Local\Programs\Microsoft VS Code\bin;C:\Users\USER\AppData\Roaming\npm
USERNAME=USER
OS=Windows_NT
PROCESSOR_IDENTIFIER=AMD64 Family 25 Model 80 Stepping 0, AuthenticAMD
TMP=C:\Users\USER\AppData\Local\Temp
TEMP=C:\Users\USER\AppData\Local\Temp




Periodic native trim disabled

---------------  S Y S T E M  ---------------

OS:
 Windows 11 , 64 bit Build 22621 (10.0.22621.4830)
OS uptime: 1 days 17:11 hours

CPU: total 16 (initial active 16) (16 cores per cpu, 2 threads per core) family 25 model 80 stepping 0 microcode 0x0, cx8, cmov, fxsr, ht, mmx, 3dnowpref, sse, sse2, sse3, ssse3, sse4a, sse4.1, sse4.2, popcnt, lzcnt, tsc, tscinvbit, avx, avx2, aes, erms, clmul, bmi1, bmi2, adx, sha, fma, vzeroupper, clflush, clflushopt, rdtscp, rdpid, fsrm, f16c, pku, cet_ss
Processor Information for the first 16 processors :
  Max Mhz: 3801, Current Mhz: 3801, Mhz Limit: 3801

Memory: 4k page, system-wide physical 15740M (3542M free)
TotalPageFile size 64839M (AvailPageFile size 166M)
current process WorkingSet (physical memory assigned to process): 12M, peak: 12M
current process commit charge ("private bytes"): 71M, peak: 317M

vm_info: Java HotSpot(TM) 64-Bit Server VM (23.0.1+11-39) for windows-amd64 JRE (23.0.1+11-39), built on 2024-09-30T07:20:43Z with MS VC++ 17.6 (VS2022)

END.
